[2022-03-24 12:55:22] local.ERROR: Symfony\Component\Console\Exception\NamespaceNotFoundException: There are no commands defined in the "key" namespace. in /Users/henri/Documents/Ynov/Master2/flutter/tmp/rules_api/vendor/symfony/console/Application.php:598
Stack trace:
#0 /Users/henri/Documents/Ynov/Master2/flutter/tmp/rules_api/vendor/symfony/console/Application.php(651): Symfony\Component\Console\Application->findNamespace('key')
#1 /Users/henri/Documents/Ynov/Master2/flutter/tmp/rules_api/vendor/symfony/console/Application.php(236): Symfony\Component\Console\Application->find('key:generate')
#2 /Users/henri/Documents/Ynov/Master2/flutter/tmp/rules_api/vendor/symfony/console/Application.php(148): Symfony\Component\Console\Application->doRun(Object(Symfony\Component\Console\Input\ArgvInput), Object(Symfony\Component\Console\Output\ConsoleOutput))
#3 /Users/henri/Documents/Ynov/Master2/flutter/tmp/rules_api/vendor/illuminate/console/Application.php(93): Symfony\Component\Console\Application->run(Object(Symfony\Component\Console\Input\ArgvInput), Object(Symfony\Component\Console\Output\ConsoleOutput))
#4 /Users/henri/Documents/Ynov/Master2/flutter/tmp/rules_api/vendor/laravel/lumen-framework/src/Console/Kernel.php(115): Illuminate\Console\Application->run(Object(Symfony\Component\Console\Input\ArgvInput), Object(Symfony\Component\Console\Output\ConsoleOutput))
#5 /Users/henri/Documents/Ynov/Master2/flutter/tmp/rules_api/artisan(35): Laravel\Lumen\Console\Kernel->handle(Object(Symfony\Component\Console\Input\ArgvInput), Object(Symfony\Component\Console\Output\ConsoleOutput))
#6 {main} {"exception":"[object] (Symfony\\Component\\Console\\Exception\\NamespaceNotFoundException(code: 0): There are no commands defined in the \"key\" namespace. at /Users/henri/Documents/Ynov/Master2/flutter/tmp/rules_api/vendor/symfony/console/Application.php:598)
[stacktrace]
#0 /Users/henri/Documents/Ynov/Master2/flutter/tmp/rules_api/vendor/symfony/console/Application.php(651): Symfony\\Component\\Console\\Application->findNamespace('key')
#1 /Users/henri/Documents/Ynov/Master2/flutter/tmp/rules_api/vendor/symfony/console/Application.php(236): Symfony\\Component\\Console\\Application->find('key:generate')
#2 /Users/henri/Documents/Ynov/Master2/flutter/tmp/rules_api/vendor/symfony/console/Application.php(148): Symfony\\Component\\Console\\Application->doRun(Object(Symfony\\Component\\Console\\Input\\ArgvInput), Object(Symfony\\Component\\Console\\Output\\ConsoleOutput))
#3 /Users/henri/Documents/Ynov/Master2/flutter/tmp/rules_api/vendor/illuminate/console/Application.php(93): Symfony\\Component\\Console\\Application->run(Object(Symfony\\Component\\Console\\Input\\ArgvInput), Object(Symfony\\Component\\Console\\Output\\ConsoleOutput))
#4 /Users/henri/Documents/Ynov/Master2/flutter/tmp/rules_api/vendor/laravel/lumen-framework/src/Console/Kernel.php(115): Illuminate\\Console\\Application->run(Object(Symfony\\Component\\Console\\Input\\ArgvInput), Object(Symfony\\Component\\Console\\Output\\ConsoleOutput))
#5 /Users/henri/Documents/Ynov/Master2/flutter/tmp/rules_api/artisan(35): Laravel\\Lumen\\Console\\Kernel->handle(Object(Symfony\\Component\\Console\\Input\\ArgvInput), Object(Symfony\\Component\\Console\\Output\\ConsoleOutput))
#6 {main}
"} 
[2022-03-24 12:55:29] local.ERROR: PDOException: SQLSTATE[42S01]: Base table or view already exists: 1050 Table 'authors' already exists in /Users/henri/Documents/Ynov/Master2/flutter/tmp/rules_api/vendor/illuminate/database/Connection.php:463
Stack trace:
#0 /Users/henri/Documents/Ynov/Master2/flutter/tmp/rules_api/vendor/illuminate/database/Connection.php(463): PDOStatement->execute()
#1 /Users/henri/Documents/Ynov/Master2/flutter/tmp/rules_api/vendor/illuminate/database/Connection.php(662): Illuminate\Database\Connection->Illuminate\Database\{closure}('create table `a...', Array)
#2 /Users/henri/Documents/Ynov/Master2/flutter/tmp/rules_api/vendor/illuminate/database/Connection.php(629): Illuminate\Database\Connection->runQueryCallback('create table `a...', Array, Object(Closure))
#3 /Users/henri/Documents/Ynov/Master2/flutter/tmp/rules_api/vendor/illuminate/database/Connection.php(464): Illuminate\Database\Connection->run('create table `a...', Array, Object(Closure))
#4 /Users/henri/Documents/Ynov/Master2/flutter/tmp/rules_api/vendor/illuminate/database/Schema/Blueprint.php(97): Illuminate\Database\Connection->statement('create table `a...')
#5 /Users/henri/Documents/Ynov/Master2/flutter/tmp/rules_api/vendor/illuminate/database/Schema/Builder.php(290): Illuminate\Database\Schema\Blueprint->build(Object(Illuminate\Database\MySqlConnection), Object(Illuminate\Database\Schema\Grammars\MySqlGrammar))
#6 /Users/henri/Documents/Ynov/Master2/flutter/tmp/rules_api/vendor/illuminate/database/Schema/Builder.php(167): Illuminate\Database\Schema\Builder->build(Object(Illuminate\Database\Schema\Blueprint))
#7 /Users/henri/Documents/Ynov/Master2/flutter/tmp/rules_api/vendor/illuminate/support/Facades/Facade.php(261): Illuminate\Database\Schema\Builder->create('authors', Object(Closure))
#8 /Users/henri/Documents/Ynov/Master2/flutter/tmp/rules_api/database/migrations/2019_12_24_151557_create_authors_table.php(21): Illuminate\Support\Facades\Facade::__callStatic('create', Array)
#9 /Users/henri/Documents/Ynov/Master2/flutter/tmp/rules_api/vendor/illuminate/database/Migrations/Migrator.php(387): CreateAuthorsTable->up()
#10 /Users/henri/Documents/Ynov/Master2/flutter/tmp/rules_api/vendor/illuminate/database/Migrations/Migrator.php(396): Illuminate\Database\Migrations\Migrator->Illuminate\Database\Migrations\{closure}()
#11 /Users/henri/Documents/Ynov/Master2/flutter/tmp/rules_api/vendor/illuminate/database/Migrations/Migrator.php(197): Illuminate\Database\Migrations\Migrator->runMigration(Object(CreateAuthorsTable), 'up')
#12 /Users/henri/Documents/Ynov/Master2/flutter/tmp/rules_api/vendor/illuminate/database/Migrations/Migrator.php(162): Illuminate\Database\Migrations\Migrator->runUp('/Users/henri/Do...', 8, false)
#13 /Users/henri/Documents/Ynov/Master2/flutter/tmp/rules_api/vendor/illuminate/database/Migrations/Migrator.php(109): Illuminate\Database\Migrations\Migrator->runPending(Array, Array)
#14 /Users/henri/Documents/Ynov/Master2/flutter/tmp/rules_api/vendor/illuminate/database/Console/Migrations/MigrateCommand.php(71): Illuminate\Database\Migrations\Migrator->run(Array, Array)
#15 [internal function]: Illuminate\Database\Console\Migrations\MigrateCommand->handle()
#16 /Users/henri/Documents/Ynov/Master2/flutter/tmp/rules_api/vendor/illuminate/container/BoundMethod.php(32): call_user_func_array(Array, Array)
#17 /Users/henri/Documents/Ynov/Master2/flutter/tmp/rules_api/vendor/illuminate/container/Util.php(36): Illuminate\Container\BoundMethod::Illuminate\Container\{closure}()
#18 /Users/henri/Documents/Ynov/Master2/flutter/tmp/rules_api/vendor/illuminate/container/BoundMethod.php(90): Illuminate\Container\Util::unwrapIfClosure(Object(Closure))
#19 /Users/henri/Documents/Ynov/Master2/flutter/tmp/rules_api/vendor/illuminate/container/BoundMethod.php(34): Illuminate\Container\BoundMethod::callBoundMethod(Object(Laravel\Lumen\Application), Array, Object(Closure))
#20 /Users/henri/Documents/Ynov/Master2/flutter/tmp/rules_api/vendor/illuminate/container/Container.php(590): Illuminate\Container\BoundMethod::call(Object(Laravel\Lumen\Application), Array, Array, NULL)
#21 /Users/henri/Documents/Ynov/Master2/flutter/tmp/rules_api/vendor/illuminate/console/Command.php(202): Illuminate\Container\Container->call(Array)
#22 /Users/henri/Documents/Ynov/Master2/flutter/tmp/rules_api/vendor/symfony/console/Command/Command.php(255): Illuminate\Console\Command->execute(Object(Symfony\Component\Console\Input\ArgvInput), Object(Illuminate\Console\OutputStyle))
#23 /Users/henri/Documents/Ynov/Master2/flutter/tmp/rules_api/vendor/illuminate/console/Command.php(189): Symfony\Component\Console\Command\Command->run(Object(Symfony\Component\Console\Input\ArgvInput), Object(Illuminate\Console\OutputStyle))
#24 /Users/henri/Documents/Ynov/Master2/flutter/tmp/rules_api/vendor/symfony/console/Application.php(1011): Illuminate\Console\Command->run(Object(Symfony\Component\Console\Input\ArgvInput), Object(Symfony\Component\Console\Output\ConsoleOutput))
#25 /Users/henri/Documents/Ynov/Master2/flutter/tmp/rules_api/vendor/symfony/console/Application.php(272): Symfony\Component\Console\Application->doRunCommand(Object(Illuminate\Database\Console\Migrations\MigrateCommand), Object(Symfony\Component\Console\Input\ArgvInput), Object(Symfony\Component\Console\Output\ConsoleOutput))
#26 /Users/henri/Documents/Ynov/Master2/flutter/tmp/rules_api/vendor/symfony/console/Application.php(148): Symfony\Component\Console\Application->doRun(Object(Symfony\Component\Console\Input\ArgvInput), Object(Symfony\Component\Console\Output\ConsoleOutput))
#27 /Users/henri/Documents/Ynov/Master2/flutter/tmp/rules_api/vendor/illuminate/console/Application.php(93): Symfony\Component\Console\Application->run(Object(Symfony\Component\Console\Input\ArgvInput), Object(Symfony\Component\Console\Output\ConsoleOutput))
#28 /Users/henri/Documents/Ynov/Master2/flutter/tmp/rules_api/vendor/laravel/lumen-framework/src/Console/Kernel.php(115): Illuminate\Console\Application->run(Object(Symfony\Component\Console\Input\ArgvInput), Object(Symfony\Component\Console\Output\ConsoleOutput))
#29 /Users/henri/Documents/Ynov/Master2/flutter/tmp/rules_api/artisan(35): Laravel\Lumen\Console\Kernel->handle(Object(Symfony\Component\Console\Input\ArgvInput), Object(Symfony\Component\Console\Output\ConsoleOutput))
#30 {main}

Next Illuminate\Database\QueryException: SQLSTATE[42S01]: Base table or view already exists: 1050 Table 'authors' already exists (SQL: create table `authors` (`id` int unsigned not null auto_increment primary key, `name` varchar(255) not null, `email` varchar(255) not null, `created_at` timestamp null, `updated_at` timestamp null) default character set utf8mb4 collate 'utf8mb4_unicode_ci') in /Users/henri/Documents/Ynov/Master2/flutter/tmp/rules_api/vendor/illuminate/database/Connection.php:669
Stack trace:
#0 /Users/henri/Documents/Ynov/Master2/flutter/tmp/rules_api/vendor/illuminate/database/Connection.php(629): Illuminate\Database\Connection->runQueryCallback('create table `a...', Array, Object(Closure))
#1 /Users/henri/Documents/Ynov/Master2/flutter/tmp/rules_api/vendor/illuminate/database/Connection.php(464): Illuminate\Database\Connection->run('create table `a...', Array, Object(Closure))
#2 /Users/henri/Documents/Ynov/Master2/flutter/tmp/rules_api/vendor/illuminate/database/Schema/Blueprint.php(97): Illuminate\Database\Connection->statement('create table `a...')
#3 /Users/henri/Documents/Ynov/Master2/flutter/tmp/rules_api/vendor/illuminate/database/Schema/Builder.php(290): Illuminate\Database\Schema\Blueprint->build(Object(Illuminate\Database\MySqlConnection), Object(Illuminate\Database\Schema\Grammars\MySqlGrammar))
#4 /Users/henri/Documents/Ynov/Master2/flutter/tmp/rules_api/vendor/illuminate/database/Schema/Builder.php(167): Illuminate\Database\Schema\Builder->build(Object(Illuminate\Database\Schema\Blueprint))
#5 /Users/henri/Documents/Ynov/Master2/flutter/tmp/rules_api/vendor/illuminate/support/Facades/Facade.php(261): Illuminate\Database\Schema\Builder->create('authors', Object(Closure))
#6 /Users/henri/Documents/Ynov/Master2/flutter/tmp/rules_api/database/migrations/2019_12_24_151557_create_authors_table.php(21): Illuminate\Support\Facades\Facade::__callStatic('create', Array)
#7 /Users/henri/Documents/Ynov/Master2/flutter/tmp/rules_api/vendor/illuminate/database/Migrations/Migrator.php(387): CreateAuthorsTable->up()
#8 /Users/henri/Documents/Ynov/Master2/flutter/tmp/rules_api/vendor/illuminate/database/Migrations/Migrator.php(396): Illuminate\Database\Migrations\Migrator->Illuminate\Database\Migrations\{closure}()
#9 /Users/henri/Documents/Ynov/Master2/flutter/tmp/rules_api/vendor/illuminate/database/Migrations/Migrator.php(197): Illuminate\Database\Migrations\Migrator->runMigration(Object(CreateAuthorsTable), 'up')
#10 /Users/henri/Documents/Ynov/Master2/flutter/tmp/rules_api/vendor/illuminate/database/Migrations/Migrator.php(162): Illuminate\Database\Migrations\Migrator->runUp('/Users/henri/Do...', 8, false)
#11 /Users/henri/Documents/Ynov/Master2/flutter/tmp/rules_api/vendor/illuminate/database/Migrations/Migrator.php(109): Illuminate\Database\Migrations\Migrator->runPending(Array, Array)
#12 /Users/henri/Documents/Ynov/Master2/flutter/tmp/rules_api/vendor/illuminate/database/Console/Migrations/MigrateCommand.php(71): Illuminate\Database\Migrations\Migrator->run(Array, Array)
#13 [internal function]: Illuminate\Database\Console\Migrations\MigrateCommand->handle()
#14 /Users/henri/Documents/Ynov/Master2/flutter/tmp/rules_api/vendor/illuminate/container/BoundMethod.php(32): call_user_func_array(Array, Array)
#15 /Users/henri/Documents/Ynov/Master2/flutter/tmp/rules_api/vendor/illuminate/container/Util.php(36): Illuminate\Container\BoundMethod::Illuminate\Container\{closure}()
#16 /Users/henri/Documents/Ynov/Master2/flutter/tmp/rules_api/vendor/illuminate/container/BoundMethod.php(90): Illuminate\Container\Util::unwrapIfClosure(Object(Closure))
#17 /Users/henri/Documents/Ynov/Master2/flutter/tmp/rules_api/vendor/illuminate/container/BoundMethod.php(34): Illuminate\Container\BoundMethod::callBoundMethod(Object(Laravel\Lumen\Application), Array, Object(Closure))
#18 /Users/henri/Documents/Ynov/Master2/flutter/tmp/rules_api/vendor/illuminate/container/Container.php(590): Illuminate\Container\BoundMethod::call(Object(Laravel\Lumen\Application), Array, Array, NULL)
#19 /Users/henri/Documents/Ynov/Master2/flutter/tmp/rules_api/vendor/illuminate/console/Command.php(202): Illuminate\Container\Container->call(Array)
#20 /Users/henri/Documents/Ynov/Master2/flutter/tmp/rules_api/vendor/symfony/console/Command/Command.php(255): Illuminate\Console\Command->execute(Object(Symfony\Component\Console\Input\ArgvInput), Object(Illuminate\Console\OutputStyle))
#21 /Users/henri/Documents/Ynov/Master2/flutter/tmp/rules_api/vendor/illuminate/console/Command.php(189): Symfony\Component\Console\Command\Command->run(Object(Symfony\Component\Console\Input\ArgvInput), Object(Illuminate\Console\OutputStyle))
#22 /Users/henri/Documents/Ynov/Master2/flutter/tmp/rules_api/vendor/symfony/console/Application.php(1011): Illuminate\Console\Command->run(Object(Symfony\Component\Console\Input\ArgvInput), Object(Symfony\Component\Console\Output\ConsoleOutput))
#23 /Users/henri/Documents/Ynov/Master2/flutter/tmp/rules_api/vendor/symfony/console/Application.php(272): Symfony\Component\Console\Application->doRunCommand(Object(Illuminate\Database\Console\Migrations\MigrateCommand), Object(Symfony\Component\Console\Input\ArgvInput), Object(Symfony\Component\Console\Output\ConsoleOutput))
#24 /Users/henri/Documents/Ynov/Master2/flutter/tmp/rules_api/vendor/symfony/console/Application.php(148): Symfony\Component\Console\Application->doRun(Object(Symfony\Component\Console\Input\ArgvInput), Object(Symfony\Component\Console\Output\ConsoleOutput))
#25 /Users/henri/Documents/Ynov/Master2/flutter/tmp/rules_api/vendor/illuminate/console/Application.php(93): Symfony\Component\Console\Application->run(Object(Symfony\Component\Console\Input\ArgvInput), Object(Symfony\Component\Console\Output\ConsoleOutput))
#26 /Users/henri/Documents/Ynov/Master2/flutter/tmp/rules_api/vendor/laravel/lumen-framework/src/Console/Kernel.php(115): Illuminate\Console\Application->run(Object(Symfony\Component\Console\Input\ArgvInput), Object(Symfony\Component\Console\Output\ConsoleOutput))
#27 /Users/henri/Documents/Ynov/Master2/flutter/tmp/rules_api/artisan(35): Laravel\Lumen\Console\Kernel->handle(Object(Symfony\Component\Console\Input\ArgvInput), Object(Symfony\Component\Console\Output\ConsoleOutput))
#28 {main} {"exception":"[object] (Illuminate\\Database\\QueryException(code: 42S01): SQLSTATE[42S01]: Base table or view already exists: 1050 Table 'authors' already exists (SQL: create table `authors` (`id` int unsigned not null auto_increment primary key, `name` varchar(255) not null, `email` varchar(255) not null, `created_at` timestamp null, `updated_at` timestamp null) default character set utf8mb4 collate 'utf8mb4_unicode_ci') at /Users/henri/Documents/Ynov/Master2/flutter/tmp/rules_api/vendor/illuminate/database/Connection.php:669)
[stacktrace]
#0 /Users/henri/Documents/Ynov/Master2/flutter/tmp/rules_api/vendor/illuminate/database/Connection.php(629): Illuminate\\Database\\Connection->runQueryCallback('create table `a...', Array, Object(Closure))
#1 /Users/henri/Documents/Ynov/Master2/flutter/tmp/rules_api/vendor/illuminate/database/Connection.php(464): Illuminate\\Database\\Connection->run('create table `a...', Array, Object(Closure))
#2 /Users/henri/Documents/Ynov/Master2/flutter/tmp/rules_api/vendor/illuminate/database/Schema/Blueprint.php(97): Illuminate\\Database\\Connection->statement('create table `a...')
#3 /Users/henri/Documents/Ynov/Master2/flutter/tmp/rules_api/vendor/illuminate/database/Schema/Builder.php(290): Illuminate\\Database\\Schema\\Blueprint->build(Object(Illuminate\\Database\\MySqlConnection), Object(Illuminate\\Database\\Schema\\Grammars\\MySqlGrammar))
#4 /Users/henri/Documents/Ynov/Master2/flutter/tmp/rules_api/vendor/illuminate/database/Schema/Builder.php(167): Illuminate\\Database\\Schema\\Builder->build(Object(Illuminate\\Database\\Schema\\Blueprint))
#5 /Users/henri/Documents/Ynov/Master2/flutter/tmp/rules_api/vendor/illuminate/support/Facades/Facade.php(261): Illuminate\\Database\\Schema\\Builder->create('authors', Object(Closure))
#6 /Users/henri/Documents/Ynov/Master2/flutter/tmp/rules_api/database/migrations/2019_12_24_151557_create_authors_table.php(21): Illuminate\\Support\\Facades\\Facade::__callStatic('create', Array)
#7 /Users/henri/Documents/Ynov/Master2/flutter/tmp/rules_api/vendor/illuminate/database/Migrations/Migrator.php(387): CreateAuthorsTable->up()
#8 /Users/henri/Documents/Ynov/Master2/flutter/tmp/rules_api/vendor/illuminate/database/Migrations/Migrator.php(396): Illuminate\\Database\\Migrations\\Migrator->Illuminate\\Database\\Migrations\\{closure}()
#9 /Users/henri/Documents/Ynov/Master2/flutter/tmp/rules_api/vendor/illuminate/database/Migrations/Migrator.php(197): Illuminate\\Database\\Migrations\\Migrator->runMigration(Object(CreateAuthorsTable), 'up')
#10 /Users/henri/Documents/Ynov/Master2/flutter/tmp/rules_api/vendor/illuminate/database/Migrations/Migrator.php(162): Illuminate\\Database\\Migrations\\Migrator->runUp('/Users/henri/Do...', 8, false)
#11 /Users/henri/Documents/Ynov/Master2/flutter/tmp/rules_api/vendor/illuminate/database/Migrations/Migrator.php(109): Illuminate\\Database\\Migrations\\Migrator->runPending(Array, Array)
#12 /Users/henri/Documents/Ynov/Master2/flutter/tmp/rules_api/vendor/illuminate/database/Console/Migrations/MigrateCommand.php(71): Illuminate\\Database\\Migrations\\Migrator->run(Array, Array)
#13 [internal function]: Illuminate\\Database\\Console\\Migrations\\MigrateCommand->handle()
#14 /Users/henri/Documents/Ynov/Master2/flutter/tmp/rules_api/vendor/illuminate/container/BoundMethod.php(32): call_user_func_array(Array, Array)
#15 /Users/henri/Documents/Ynov/Master2/flutter/tmp/rules_api/vendor/illuminate/container/Util.php(36): Illuminate\\Container\\BoundMethod::Illuminate\\Container\\{closure}()
#16 /Users/henri/Documents/Ynov/Master2/flutter/tmp/rules_api/vendor/illuminate/container/BoundMethod.php(90): Illuminate\\Container\\Util::unwrapIfClosure(Object(Closure))
#17 /Users/henri/Documents/Ynov/Master2/flutter/tmp/rules_api/vendor/illuminate/container/BoundMethod.php(34): Illuminate\\Container\\BoundMethod::callBoundMethod(Object(Laravel\\Lumen\\Application), Array, Object(Closure))
#18 /Users/henri/Documents/Ynov/Master2/flutter/tmp/rules_api/vendor/illuminate/container/Container.php(590): Illuminate\\Container\\BoundMethod::call(Object(Laravel\\Lumen\\Application), Array, Array, NULL)
#19 /Users/henri/Documents/Ynov/Master2/flutter/tmp/rules_api/vendor/illuminate/console/Command.php(202): Illuminate\\Container\\Container->call(Array)
#20 /Users/henri/Documents/Ynov/Master2/flutter/tmp/rules_api/vendor/symfony/console/Command/Command.php(255): Illuminate\\Console\\Command->execute(Object(Symfony\\Component\\Console\\Input\\ArgvInput), Object(Illuminate\\Console\\OutputStyle))
#21 /Users/henri/Documents/Ynov/Master2/flutter/tmp/rules_api/vendor/illuminate/console/Command.php(189): Symfony\\Component\\Console\\Command\\Command->run(Object(Symfony\\Component\\Console\\Input\\ArgvInput), Object(Illuminate\\Console\\OutputStyle))
#22 /Users/henri/Documents/Ynov/Master2/flutter/tmp/rules_api/vendor/symfony/console/Application.php(1011): Illuminate\\Console\\Command->run(Object(Symfony\\Component\\Console\\Input\\ArgvInput), Object(Symfony\\Component\\Console\\Output\\ConsoleOutput))
#23 /Users/henri/Documents/Ynov/Master2/flutter/tmp/rules_api/vendor/symfony/console/Application.php(272): Symfony\\Component\\Console\\Application->doRunCommand(Object(Illuminate\\Database\\Console\\Migrations\\MigrateCommand), Object(Symfony\\Component\\Console\\Input\\ArgvInput), Object(Symfony\\Component\\Console\\Output\\ConsoleOutput))
#24 /Users/henri/Documents/Ynov/Master2/flutter/tmp/rules_api/vendor/symfony/console/Application.php(148): Symfony\\Component\\Console\\Application->doRun(Object(Symfony\\Component\\Console\\Input\\ArgvInput), Object(Symfony\\Component\\Console\\Output\\ConsoleOutput))
#25 /Users/henri/Documents/Ynov/Master2/flutter/tmp/rules_api/vendor/illuminate/console/Application.php(93): Symfony\\Component\\Console\\Application->run(Object(Symfony\\Component\\Console\\Input\\ArgvInput), Object(Symfony\\Component\\Console\\Output\\ConsoleOutput))
#26 /Users/henri/Documents/Ynov/Master2/flutter/tmp/rules_api/vendor/laravel/lumen-framework/src/Console/Kernel.php(115): Illuminate\\Console\\Application->run(Object(Symfony\\Component\\Console\\Input\\ArgvInput), Object(Symfony\\Component\\Console\\Output\\ConsoleOutput))
#27 /Users/henri/Documents/Ynov/Master2/flutter/tmp/rules_api/artisan(35): Laravel\\Lumen\\Console\\Kernel->handle(Object(Symfony\\Component\\Console\\Input\\ArgvInput), Object(Symfony\\Component\\Console\\Output\\ConsoleOutput))
#28 {main}

[previous exception] [object] (PDOException(code: 42S01): SQLSTATE[42S01]: Base table or view already exists: 1050 Table 'authors' already exists at /Users/henri/Documents/Ynov/Master2/flutter/tmp/rules_api/vendor/illuminate/database/Connection.php:463)
[stacktrace]
#0 /Users/henri/Documents/Ynov/Master2/flutter/tmp/rules_api/vendor/illuminate/database/Connection.php(463): PDOStatement->execute()
#1 /Users/henri/Documents/Ynov/Master2/flutter/tmp/rules_api/vendor/illuminate/database/Connection.php(662): Illuminate\\Database\\Connection->Illuminate\\Database\\{closure}('create table `a...', Array)
#2 /Users/henri/Documents/Ynov/Master2/flutter/tmp/rules_api/vendor/illuminate/database/Connection.php(629): Illuminate\\Database\\Connection->runQueryCallback('create table `a...', Array, Object(Closure))
#3 /Users/henri/Documents/Ynov/Master2/flutter/tmp/rules_api/vendor/illuminate/database/Connection.php(464): Illuminate\\Database\\Connection->run('create table `a...', Array, Object(Closure))
#4 /Users/henri/Documents/Ynov/Master2/flutter/tmp/rules_api/vendor/illuminate/database/Schema/Blueprint.php(97): Illuminate\\Database\\Connection->statement('create table `a...')
#5 /Users/henri/Documents/Ynov/Master2/flutter/tmp/rules_api/vendor/illuminate/database/Schema/Builder.php(290): Illuminate\\Database\\Schema\\Blueprint->build(Object(Illuminate\\Database\\MySqlConnection), Object(Illuminate\\Database\\Schema\\Grammars\\MySqlGrammar))
#6 /Users/henri/Documents/Ynov/Master2/flutter/tmp/rules_api/vendor/illuminate/database/Schema/Builder.php(167): Illuminate\\Database\\Schema\\Builder->build(Object(Illuminate\\Database\\Schema\\Blueprint))
#7 /Users/henri/Documents/Ynov/Master2/flutter/tmp/rules_api/vendor/illuminate/support/Facades/Facade.php(261): Illuminate\\Database\\Schema\\Builder->create('authors', Object(Closure))
#8 /Users/henri/Documents/Ynov/Master2/flutter/tmp/rules_api/database/migrations/2019_12_24_151557_create_authors_table.php(21): Illuminate\\Support\\Facades\\Facade::__callStatic('create', Array)
#9 /Users/henri/Documents/Ynov/Master2/flutter/tmp/rules_api/vendor/illuminate/database/Migrations/Migrator.php(387): CreateAuthorsTable->up()
#10 /Users/henri/Documents/Ynov/Master2/flutter/tmp/rules_api/vendor/illuminate/database/Migrations/Migrator.php(396): Illuminate\\Database\\Migrations\\Migrator->Illuminate\\Database\\Migrations\\{closure}()
#11 /Users/henri/Documents/Ynov/Master2/flutter/tmp/rules_api/vendor/illuminate/database/Migrations/Migrator.php(197): Illuminate\\Database\\Migrations\\Migrator->runMigration(Object(CreateAuthorsTable), 'up')
#12 /Users/henri/Documents/Ynov/Master2/flutter/tmp/rules_api/vendor/illuminate/database/Migrations/Migrator.php(162): Illuminate\\Database\\Migrations\\Migrator->runUp('/Users/henri/Do...', 8, false)
#13 /Users/henri/Documents/Ynov/Master2/flutter/tmp/rules_api/vendor/illuminate/database/Migrations/Migrator.php(109): Illuminate\\Database\\Migrations\\Migrator->runPending(Array, Array)
#14 /Users/henri/Documents/Ynov/Master2/flutter/tmp/rules_api/vendor/illuminate/database/Console/Migrations/MigrateCommand.php(71): Illuminate\\Database\\Migrations\\Migrator->run(Array, Array)
#15 [internal function]: Illuminate\\Database\\Console\\Migrations\\MigrateCommand->handle()
#16 /Users/henri/Documents/Ynov/Master2/flutter/tmp/rules_api/vendor/illuminate/container/BoundMethod.php(32): call_user_func_array(Array, Array)
#17 /Users/henri/Documents/Ynov/Master2/flutter/tmp/rules_api/vendor/illuminate/container/Util.php(36): Illuminate\\Container\\BoundMethod::Illuminate\\Container\\{closure}()
#18 /Users/henri/Documents/Ynov/Master2/flutter/tmp/rules_api/vendor/illuminate/container/BoundMethod.php(90): Illuminate\\Container\\Util::unwrapIfClosure(Object(Closure))
#19 /Users/henri/Documents/Ynov/Master2/flutter/tmp/rules_api/vendor/illuminate/container/BoundMethod.php(34): Illuminate\\Container\\BoundMethod::callBoundMethod(Object(Laravel\\Lumen\\Application), Array, Object(Closure))
#20 /Users/henri/Documents/Ynov/Master2/flutter/tmp/rules_api/vendor/illuminate/container/Container.php(590): Illuminate\\Container\\BoundMethod::call(Object(Laravel\\Lumen\\Application), Array, Array, NULL)
#21 /Users/henri/Documents/Ynov/Master2/flutter/tmp/rules_api/vendor/illuminate/console/Command.php(202): Illuminate\\Container\\Container->call(Array)
#22 /Users/henri/Documents/Ynov/Master2/flutter/tmp/rules_api/vendor/symfony/console/Command/Command.php(255): Illuminate\\Console\\Command->execute(Object(Symfony\\Component\\Console\\Input\\ArgvInput), Object(Illuminate\\Console\\OutputStyle))
#23 /Users/henri/Documents/Ynov/Master2/flutter/tmp/rules_api/vendor/illuminate/console/Command.php(189): Symfony\\Component\\Console\\Command\\Command->run(Object(Symfony\\Component\\Console\\Input\\ArgvInput), Object(Illuminate\\Console\\OutputStyle))
#24 /Users/henri/Documents/Ynov/Master2/flutter/tmp/rules_api/vendor/symfony/console/Application.php(1011): Illuminate\\Console\\Command->run(Object(Symfony\\Component\\Console\\Input\\ArgvInput), Object(Symfony\\Component\\Console\\Output\\ConsoleOutput))
#25 /Users/henri/Documents/Ynov/Master2/flutter/tmp/rules_api/vendor/symfony/console/Application.php(272): Symfony\\Component\\Console\\Application->doRunCommand(Object(Illuminate\\Database\\Console\\Migrations\\MigrateCommand), Object(Symfony\\Component\\Console\\Input\\ArgvInput), Object(Symfony\\Component\\Console\\Output\\ConsoleOutput))
#26 /Users/henri/Documents/Ynov/Master2/flutter/tmp/rules_api/vendor/symfony/console/Application.php(148): Symfony\\Component\\Console\\Application->doRun(Object(Symfony\\Component\\Console\\Input\\ArgvInput), Object(Symfony\\Component\\Console\\Output\\ConsoleOutput))
#27 /Users/henri/Documents/Ynov/Master2/flutter/tmp/rules_api/vendor/illuminate/console/Application.php(93): Symfony\\Component\\Console\\Application->run(Object(Symfony\\Component\\Console\\Input\\ArgvInput), Object(Symfony\\Component\\Console\\Output\\ConsoleOutput))
#28 /Users/henri/Documents/Ynov/Master2/flutter/tmp/rules_api/vendor/laravel/lumen-framework/src/Console/Kernel.php(115): Illuminate\\Console\\Application->run(Object(Symfony\\Component\\Console\\Input\\ArgvInput), Object(Symfony\\Component\\Console\\Output\\ConsoleOutput))
#29 /Users/henri/Documents/Ynov/Master2/flutter/tmp/rules_api/artisan(35): Laravel\\Lumen\\Console\\Kernel->handle(Object(Symfony\\Component\\Console\\Input\\ArgvInput), Object(Symfony\\Component\\Console\\Output\\ConsoleOutput))
#30 {main}
"} 
[2022-03-24 12:55:46] local.ERROR: Symfony\Component\Console\Exception\CommandNotFoundException: Command "serve" is not defined. in /Users/henri/Documents/Ynov/Master2/flutter/tmp/rules_api/vendor/symfony/console/Application.php:670
Stack trace:
#0 /Users/henri/Documents/Ynov/Master2/flutter/tmp/rules_api/vendor/symfony/console/Application.php(236): Symfony\Component\Console\Application->find('serve')
#1 /Users/henri/Documents/Ynov/Master2/flutter/tmp/rules_api/vendor/symfony/console/Application.php(148): Symfony\Component\Console\Application->doRun(Object(Symfony\Component\Console\Input\ArgvInput), Object(Symfony\Component\Console\Output\ConsoleOutput))
#2 /Users/henri/Documents/Ynov/Master2/flutter/tmp/rules_api/vendor/illuminate/console/Application.php(93): Symfony\Component\Console\Application->run(Object(Symfony\Component\Console\Input\ArgvInput), Object(Symfony\Component\Console\Output\ConsoleOutput))
#3 /Users/henri/Documents/Ynov/Master2/flutter/tmp/rules_api/vendor/laravel/lumen-framework/src/Console/Kernel.php(115): Illuminate\Console\Application->run(Object(Symfony\Component\Console\Input\ArgvInput), Object(Symfony\Component\Console\Output\ConsoleOutput))
#4 /Users/henri/Documents/Ynov/Master2/flutter/tmp/rules_api/artisan(35): Laravel\Lumen\Console\Kernel->handle(Object(Symfony\Component\Console\Input\ArgvInput), Object(Symfony\Component\Console\Output\ConsoleOutput))
#5 {main} {"exception":"[object] (Symfony\\Component\\Console\\Exception\\CommandNotFoundException(code: 0): Command \"serve\" is not defined. at /Users/henri/Documents/Ynov/Master2/flutter/tmp/rules_api/vendor/symfony/console/Application.php:670)
[stacktrace]
#0 /Users/henri/Documents/Ynov/Master2/flutter/tmp/rules_api/vendor/symfony/console/Application.php(236): Symfony\\Component\\Console\\Application->find('serve')
#1 /Users/henri/Documents/Ynov/Master2/flutter/tmp/rules_api/vendor/symfony/console/Application.php(148): Symfony\\Component\\Console\\Application->doRun(Object(Symfony\\Component\\Console\\Input\\ArgvInput), Object(Symfony\\Component\\Console\\Output\\ConsoleOutput))
#2 /Users/henri/Documents/Ynov/Master2/flutter/tmp/rules_api/vendor/illuminate/console/Application.php(93): Symfony\\Component\\Console\\Application->run(Object(Symfony\\Component\\Console\\Input\\ArgvInput), Object(Symfony\\Component\\Console\\Output\\ConsoleOutput))
#3 /Users/henri/Documents/Ynov/Master2/flutter/tmp/rules_api/vendor/laravel/lumen-framework/src/Console/Kernel.php(115): Illuminate\\Console\\Application->run(Object(Symfony\\Component\\Console\\Input\\ArgvInput), Object(Symfony\\Component\\Console\\Output\\ConsoleOutput))
#4 /Users/henri/Documents/Ynov/Master2/flutter/tmp/rules_api/artisan(35): Laravel\\Lumen\\Console\\Kernel->handle(Object(Symfony\\Component\\Console\\Input\\ArgvInput), Object(Symfony\\Component\\Console\\Output\\ConsoleOutput))
#5 {main}
"} 
[2022-03-24 12:56:00] local.ERROR: Symfony\Component\Console\Exception\CommandNotFoundException: Command "localhost" is not defined. in /Users/henri/Documents/Ynov/Master2/flutter/tmp/rules_api/vendor/symfony/console/Application.php:670
Stack trace:
#0 /Users/henri/Documents/Ynov/Master2/flutter/tmp/rules_api/vendor/symfony/console/Application.php(236): Symfony\Component\Console\Application->find('localhost')
#1 /Users/henri/Documents/Ynov/Master2/flutter/tmp/rules_api/vendor/symfony/console/Application.php(148): Symfony\Component\Console\Application->doRun(Object(Symfony\Component\Console\Input\ArgvInput), Object(Symfony\Component\Console\Output\ConsoleOutput))
#2 /Users/henri/Documents/Ynov/Master2/flutter/tmp/rules_api/vendor/illuminate/console/Application.php(93): Symfony\Component\Console\Application->run(Object(Symfony\Component\Console\Input\ArgvInput), Object(Symfony\Component\Console\Output\ConsoleOutput))
#3 /Users/henri/Documents/Ynov/Master2/flutter/tmp/rules_api/vendor/laravel/lumen-framework/src/Console/Kernel.php(115): Illuminate\Console\Application->run(Object(Symfony\Component\Console\Input\ArgvInput), Object(Symfony\Component\Console\Output\ConsoleOutput))
#4 /Users/henri/Documents/Ynov/Master2/flutter/tmp/rules_api/artisan(35): Laravel\Lumen\Console\Kernel->handle(Object(Symfony\Component\Console\Input\ArgvInput), Object(Symfony\Component\Console\Output\ConsoleOutput))
#5 {main} {"exception":"[object] (Symfony\\Component\\Console\\Exception\\CommandNotFoundException(code: 0): Command \"localhost\" is not defined. at /Users/henri/Documents/Ynov/Master2/flutter/tmp/rules_api/vendor/symfony/console/Application.php:670)
[stacktrace]
#0 /Users/henri/Documents/Ynov/Master2/flutter/tmp/rules_api/vendor/symfony/console/Application.php(236): Symfony\\Component\\Console\\Application->find('localhost')
#1 /Users/henri/Documents/Ynov/Master2/flutter/tmp/rules_api/vendor/symfony/console/Application.php(148): Symfony\\Component\\Console\\Application->doRun(Object(Symfony\\Component\\Console\\Input\\ArgvInput), Object(Symfony\\Component\\Console\\Output\\ConsoleOutput))
#2 /Users/henri/Documents/Ynov/Master2/flutter/tmp/rules_api/vendor/illuminate/console/Application.php(93): Symfony\\Component\\Console\\Application->run(Object(Symfony\\Component\\Console\\Input\\ArgvInput), Object(Symfony\\Component\\Console\\Output\\ConsoleOutput))
#3 /Users/henri/Documents/Ynov/Master2/flutter/tmp/rules_api/vendor/laravel/lumen-framework/src/Console/Kernel.php(115): Illuminate\\Console\\Application->run(Object(Symfony\\Component\\Console\\Input\\ArgvInput), Object(Symfony\\Component\\Console\\Output\\ConsoleOutput))
#4 /Users/henri/Documents/Ynov/Master2/flutter/tmp/rules_api/artisan(35): Laravel\\Lumen\\Console\\Kernel->handle(Object(Symfony\\Component\\Console\\Input\\ArgvInput), Object(Symfony\\Component\\Console\\Output\\ConsoleOutput))
#5 {main}
"} 
[2022-03-24 13:03:51] local.ERROR: Symfony\Component\Console\Exception\CommandNotFoundException: Command "localhost" is not defined. in /Users/henri/Documents/Ynov/Master2/flutter/tmp/rules_api/vendor/symfony/console/Application.php:670
Stack trace:
#0 /Users/henri/Documents/Ynov/Master2/flutter/tmp/rules_api/vendor/symfony/console/Application.php(236): Symfony\Component\Console\Application->find('localhost')
#1 /Users/henri/Documents/Ynov/Master2/flutter/tmp/rules_api/vendor/symfony/console/Application.php(148): Symfony\Component\Console\Application->doRun(Object(Symfony\Component\Console\Input\ArgvInput), Object(Symfony\Component\Console\Output\ConsoleOutput))
#2 /Users/henri/Documents/Ynov/Master2/flutter/tmp/rules_api/vendor/illuminate/console/Application.php(93): Symfony\Component\Console\Application->run(Object(Symfony\Component\Console\Input\ArgvInput), Object(Symfony\Component\Console\Output\ConsoleOutput))
#3 /Users/henri/Documents/Ynov/Master2/flutter/tmp/rules_api/vendor/laravel/lumen-framework/src/Console/Kernel.php(115): Illuminate\Console\Application->run(Object(Symfony\Component\Console\Input\ArgvInput), Object(Symfony\Component\Console\Output\ConsoleOutput))
#4 /Users/henri/Documents/Ynov/Master2/flutter/tmp/rules_api/artisan(35): Laravel\Lumen\Console\Kernel->handle(Object(Symfony\Component\Console\Input\ArgvInput), Object(Symfony\Component\Console\Output\ConsoleOutput))
#5 {main} {"exception":"[object] (Symfony\\Component\\Console\\Exception\\CommandNotFoundException(code: 0): Command \"localhost\" is not defined. at /Users/henri/Documents/Ynov/Master2/flutter/tmp/rules_api/vendor/symfony/console/Application.php:670)
[stacktrace]
#0 /Users/henri/Documents/Ynov/Master2/flutter/tmp/rules_api/vendor/symfony/console/Application.php(236): Symfony\\Component\\Console\\Application->find('localhost')
#1 /Users/henri/Documents/Ynov/Master2/flutter/tmp/rules_api/vendor/symfony/console/Application.php(148): Symfony\\Component\\Console\\Application->doRun(Object(Symfony\\Component\\Console\\Input\\ArgvInput), Object(Symfony\\Component\\Console\\Output\\ConsoleOutput))
#2 /Users/henri/Documents/Ynov/Master2/flutter/tmp/rules_api/vendor/illuminate/console/Application.php(93): Symfony\\Component\\Console\\Application->run(Object(Symfony\\Component\\Console\\Input\\ArgvInput), Object(Symfony\\Component\\Console\\Output\\ConsoleOutput))
#3 /Users/henri/Documents/Ynov/Master2/flutter/tmp/rules_api/vendor/laravel/lumen-framework/src/Console/Kernel.php(115): Illuminate\\Console\\Application->run(Object(Symfony\\Component\\Console\\Input\\ArgvInput), Object(Symfony\\Component\\Console\\Output\\ConsoleOutput))
#4 /Users/henri/Documents/Ynov/Master2/flutter/tmp/rules_api/artisan(35): Laravel\\Lumen\\Console\\Kernel->handle(Object(Symfony\\Component\\Console\\Input\\ArgvInput), Object(Symfony\\Component\\Console\\Output\\ConsoleOutput))
#5 {main}
"} 
[2022-03-24 13:03:58] local.ERROR: Symfony\Component\Console\Exception\CommandNotFoundException: Command "serv" is not defined. in /Users/henri/Documents/Ynov/Master2/flutter/tmp/rules_api/vendor/symfony/console/Application.php:670
Stack trace:
#0 /Users/henri/Documents/Ynov/Master2/flutter/tmp/rules_api/vendor/symfony/console/Application.php(236): Symfony\Component\Console\Application->find('serv')
#1 /Users/henri/Documents/Ynov/Master2/flutter/tmp/rules_api/vendor/symfony/console/Application.php(148): Symfony\Component\Console\Application->doRun(Object(Symfony\Component\Console\Input\ArgvInput), Object(Symfony\Component\Console\Output\ConsoleOutput))
#2 /Users/henri/Documents/Ynov/Master2/flutter/tmp/rules_api/vendor/illuminate/console/Application.php(93): Symfony\Component\Console\Application->run(Object(Symfony\Component\Console\Input\ArgvInput), Object(Symfony\Component\Console\Output\ConsoleOutput))
#3 /Users/henri/Documents/Ynov/Master2/flutter/tmp/rules_api/vendor/laravel/lumen-framework/src/Console/Kernel.php(115): Illuminate\Console\Application->run(Object(Symfony\Component\Console\Input\ArgvInput), Object(Symfony\Component\Console\Output\ConsoleOutput))
#4 /Users/henri/Documents/Ynov/Master2/flutter/tmp/rules_api/artisan(35): Laravel\Lumen\Console\Kernel->handle(Object(Symfony\Component\Console\Input\ArgvInput), Object(Symfony\Component\Console\Output\ConsoleOutput))
#5 {main} {"exception":"[object] (Symfony\\Component\\Console\\Exception\\CommandNotFoundException(code: 0): Command \"serv\" is not defined. at /Users/henri/Documents/Ynov/Master2/flutter/tmp/rules_api/vendor/symfony/console/Application.php:670)
[stacktrace]
#0 /Users/henri/Documents/Ynov/Master2/flutter/tmp/rules_api/vendor/symfony/console/Application.php(236): Symfony\\Component\\Console\\Application->find('serv')
#1 /Users/henri/Documents/Ynov/Master2/flutter/tmp/rules_api/vendor/symfony/console/Application.php(148): Symfony\\Component\\Console\\Application->doRun(Object(Symfony\\Component\\Console\\Input\\ArgvInput), Object(Symfony\\Component\\Console\\Output\\ConsoleOutput))
#2 /Users/henri/Documents/Ynov/Master2/flutter/tmp/rules_api/vendor/illuminate/console/Application.php(93): Symfony\\Component\\Console\\Application->run(Object(Symfony\\Component\\Console\\Input\\ArgvInput), Object(Symfony\\Component\\Console\\Output\\ConsoleOutput))
#3 /Users/henri/Documents/Ynov/Master2/flutter/tmp/rules_api/vendor/laravel/lumen-framework/src/Console/Kernel.php(115): Illuminate\\Console\\Application->run(Object(Symfony\\Component\\Console\\Input\\ArgvInput), Object(Symfony\\Component\\Console\\Output\\ConsoleOutput))
#4 /Users/henri/Documents/Ynov/Master2/flutter/tmp/rules_api/artisan(35): Laravel\\Lumen\\Console\\Kernel->handle(Object(Symfony\\Component\\Console\\Input\\ArgvInput), Object(Symfony\\Component\\Console\\Output\\ConsoleOutput))
#5 {main}
"} 
[2022-03-24 13:04:03] local.ERROR: Symfony\Component\Console\Exception\CommandNotFoundException: Command "serve" is not defined. in /Users/henri/Documents/Ynov/Master2/flutter/tmp/rules_api/vendor/symfony/console/Application.php:670
Stack trace:
#0 /Users/henri/Documents/Ynov/Master2/flutter/tmp/rules_api/vendor/symfony/console/Application.php(236): Symfony\Component\Console\Application->find('serve')
#1 /Users/henri/Documents/Ynov/Master2/flutter/tmp/rules_api/vendor/symfony/console/Application.php(148): Symfony\Component\Console\Application->doRun(Object(Symfony\Component\Console\Input\ArgvInput), Object(Symfony\Component\Console\Output\ConsoleOutput))
#2 /Users/henri/Documents/Ynov/Master2/flutter/tmp/rules_api/vendor/illuminate/console/Application.php(93): Symfony\Component\Console\Application->run(Object(Symfony\Component\Console\Input\ArgvInput), Object(Symfony\Component\Console\Output\ConsoleOutput))
#3 /Users/henri/Documents/Ynov/Master2/flutter/tmp/rules_api/vendor/laravel/lumen-framework/src/Console/Kernel.php(115): Illuminate\Console\Application->run(Object(Symfony\Component\Console\Input\ArgvInput), Object(Symfony\Component\Console\Output\ConsoleOutput))
#4 /Users/henri/Documents/Ynov/Master2/flutter/tmp/rules_api/artisan(35): Laravel\Lumen\Console\Kernel->handle(Object(Symfony\Component\Console\Input\ArgvInput), Object(Symfony\Component\Console\Output\ConsoleOutput))
#5 {main} {"exception":"[object] (Symfony\\Component\\Console\\Exception\\CommandNotFoundException(code: 0): Command \"serve\" is not defined. at /Users/henri/Documents/Ynov/Master2/flutter/tmp/rules_api/vendor/symfony/console/Application.php:670)
[stacktrace]
#0 /Users/henri/Documents/Ynov/Master2/flutter/tmp/rules_api/vendor/symfony/console/Application.php(236): Symfony\\Component\\Console\\Application->find('serve')
#1 /Users/henri/Documents/Ynov/Master2/flutter/tmp/rules_api/vendor/symfony/console/Application.php(148): Symfony\\Component\\Console\\Application->doRun(Object(Symfony\\Component\\Console\\Input\\ArgvInput), Object(Symfony\\Component\\Console\\Output\\ConsoleOutput))
#2 /Users/henri/Documents/Ynov/Master2/flutter/tmp/rules_api/vendor/illuminate/console/Application.php(93): Symfony\\Component\\Console\\Application->run(Object(Symfony\\Component\\Console\\Input\\ArgvInput), Object(Symfony\\Component\\Console\\Output\\ConsoleOutput))
#3 /Users/henri/Documents/Ynov/Master2/flutter/tmp/rules_api/vendor/laravel/lumen-framework/src/Console/Kernel.php(115): Illuminate\\Console\\Application->run(Object(Symfony\\Component\\Console\\Input\\ArgvInput), Object(Symfony\\Component\\Console\\Output\\ConsoleOutput))
#4 /Users/henri/Documents/Ynov/Master2/flutter/tmp/rules_api/artisan(35): Laravel\\Lumen\\Console\\Kernel->handle(Object(Symfony\\Component\\Console\\Input\\ArgvInput), Object(Symfony\\Component\\Console\\Output\\ConsoleOutput))
#5 {main}
#6 {main}
"}
